[16:41:00] [Client thread/INFO]: Setting user: AppleClient
[16:41:00] [Client thread/INFO]: (Session ID is token:0:AppleClient)
[16:41:01] [Client thread/INFO]: [OptiFine] *** Reflector Forge ***
[16:41:01] [Client thread/INFO]: [OptiFine] *** Reflector Vanilla ***
[16:41:01] [Client thread/INFO]: LWJGL Version: 2.9.4
[16:41:01] [Client thread/INFO]: [OptiFine] 
[16:41:01] [Client thread/INFO]: [OptiFine] OptiFine_1.8.9_HD_U_H8
[16:41:01] [Client thread/INFO]: [OptiFine] Build: null
[16:41:01] [Client thread/INFO]: [OptiFine] OS: Windows 11 (amd64) version 10.0
[16:41:01] [Client thread/INFO]: [OptiFine] Java: 21.0.2, Oracle Corporation
[16:41:01] [Client thread/INFO]: [OptiFine] VM: Java HotSpot(TM) 64-Bit Server VM (mixed mode, sharing), Oracle Corporation
[16:41:01] [Client thread/INFO]: [OptiFine] LWJGL: 2.9.4
[16:41:01] [Client thread/INFO]: [OptiFine] OpenGL: AMD Radeon(TM) Graphics, version 4.6.0 Compatibility Profile Context 23.19.10.231127, ATI Technologies Inc.
[16:41:01] [Client thread/INFO]: [OptiFine] OpenGL Version: 4.6.0
[16:41:01] [Client thread/INFO]: [OptiFine] OpenGL Fancy fog: Not available (GL_NV_fog_distance)
[16:41:01] [Client thread/INFO]: [OptiFine] Maximum texture size: 16384x16384
[16:41:01] [Client thread/INFO]: [Shaders] ShadersMod version: 2.4.12
[16:41:01] [Client thread/INFO]: [Shaders] OpenGL Version: 4.6.0 Compatibility Profile Context 23.19.10.231127
[16:41:01] [Client thread/INFO]: [Shaders] Vendor:  ATI Technologies Inc.
[16:41:01] [Client thread/INFO]: [Shaders] Renderer: AMD Radeon(TM) Graphics
[16:41:01] [Client thread/INFO]: [Shaders] Capabilities:  2.0  2.1  3.0  3.2  4.0 
[16:41:01] [Client thread/INFO]: [Shaders] GL_MAX_DRAW_BUFFERS: 8
[16:41:01] [Client thread/INFO]: [Shaders] GL_MAX_COLOR_ATTACHMENTS_EXT: 8
[16:41:01] [Client thread/INFO]: [Shaders] GL_MAX_TEXTURE_IMAGE_UNITS: 32
[16:41:01] [Client thread/INFO]: [Shaders] Load ShadersMod configuration.
[16:41:01] [Client thread/INFO]: [Shaders] Save ShadersMod configuration.
[16:41:01] [Client thread/INFO]: [Shaders] Shaders can not be loaded, Fast Render is enabled.
[16:41:01] [Client thread/INFO]: [Shaders] No shaderpack loaded.
[16:41:01] [Client thread/INFO]: Reloading ResourceManager: Default
[16:41:01] [Client thread/INFO]: [OptiFine] *** Reloading textures ***
[16:41:01] [Client thread/INFO]: [OptiFine] Resource packs: Default
[16:41:01] [Sound Library Loader/INFO]: Starting up SoundSystem...
[16:41:02] [Thread-4/INFO]: Initializing LWJGL OpenAL
[16:41:02] [Thread-4/INFO]: (The LWJGL binding of OpenAL.  For more information, see http://www.lwjgl.org)
[16:41:02] [Thread-4/INFO]: OpenAL initialized.
[16:41:02] [Sound Library Loader/INFO]: Sound engine started
[16:41:03] [Client thread/INFO]: [OptiFine] Mipmap levels: 4
[16:41:03] [Client thread/INFO]: [OptiFine] Multitexture: false
[16:41:03] [Client thread/INFO]: [OptiFine] Multipass connected textures: false
[16:41:04] [Client thread/INFO]: Created: 1024x512 textures-atlas
[16:41:05] [Client thread/INFO]: [OptiFine] *** Reloading custom textures ***
[16:41:05] [Client thread/INFO]: [OptiFine] Enable face culling: acacia_leaves, birch_leaves, dark_oak_leaves, jungle_leaves, oak_leaves, spruce_leaves
[16:43:18] [Server thread/INFO]: Starting integrated minecraft server version 1.8.9
[16:43:18] [Server thread/INFO]: Generating keypair
[16:43:18] [Server thread/INFO]: Preparing start region for level 0
[16:43:19] [Server thread/INFO]: Changing view distance to 12, from 10
[16:43:20] [Server thread/INFO]: AppleClient[local:E:9e11802d] logged in with entity id 158 at (229.87791149430458, 66.0, -165.3457213226593)
[16:43:20] [Server thread/INFO]: AppleClient joined the game
[16:43:22] [Server thread/INFO]: Saving and pausing game...
[16:43:22] [Server thread/INFO]: Saving chunks for level 'mcpworld'/Overworld
[16:43:22] [Server thread/INFO]: Saving chunks for level 'mcpworld'/Nether
[16:43:22] [Server thread/INFO]: Saving chunks for level 'mcpworld'/The End
[16:44:26] [Server thread/INFO]: Saving and pausing game...
[16:44:26] [Server thread/INFO]: Saving chunks for level 'mcpworld'/Overworld
[16:44:26] [Server thread/INFO]: Saving chunks for level 'mcpworld'/Nether
[16:44:26] [Server thread/INFO]: Saving chunks for level 'mcpworld'/The End
[16:44:49] [Server thread/INFO]: Saving and pausing game...
[16:44:49] [Server thread/INFO]: Saving chunks for level 'mcpworld'/Overworld
[16:44:49] [Server thread/INFO]: Saving chunks for level 'mcpworld'/Nether
[16:44:49] [Server thread/INFO]: Saving chunks for level 'mcpworld'/The End
[16:45:05] [Server thread/INFO]: Saving and pausing game...
[16:45:05] [Server thread/INFO]: Saving chunks for level 'mcpworld'/Overworld
[16:45:05] [Server thread/INFO]: Saving chunks for level 'mcpworld'/Nether
[16:45:05] [Server thread/INFO]: Saving chunks for level 'mcpworld'/The End
[16:45:14] [Server thread/INFO]: Saving and pausing game...
[16:45:14] [Server thread/INFO]: Saving chunks for level 'mcpworld'/Overworld
[16:45:15] [Server thread/INFO]: Saving chunks for level 'mcpworld'/Nether
[16:45:15] [Server thread/INFO]: Saving chunks for level 'mcpworld'/The End
[16:45:15] [Server thread/INFO]: Stopping server
[16:45:15] [Server thread/INFO]: Saving players
[16:45:15] [Server thread/INFO]: Saving worlds
[16:45:15] [Server thread/INFO]: Saving chunks for level 'mcpworld'/Overworld
[16:45:15] [Server thread/INFO]: Saving chunks for level 'mcpworld'/Nether
[16:45:15] [Server thread/INFO]: Saving chunks for level 'mcpworld'/The End
[16:45:15] [Client thread/INFO]: Stopping!
[16:45:15] [Client thread/INFO]: SoundSystem shutting down...
[16:45:15] [Client thread/WARN]: Author: Paul Lamb, www.paulscode.com
