20:25:59 - "scalac" is not found on the PATH.  Scala files will not be recompiled
20:27:59 - 'runtime\bin\applydiff.exe -p1 -u -i ..\..\temp\temp.patch -d src\minecraft' failed : 1
20:27:59 - 
20:27:59 - == ERRORS FOUND ==
20:27:59 - 
20:27:59 - 1 out of 1 hunk FAILED -- saving rejects to file 'net\minecraft\util\Cartesian.jav#'
20:27:59 - ==================
20:27:59 - 
20:29:25 - !! Missing server jar file. Aborting !!
20:29:25 - '"C:\Program Files\Eclipse\plugins\org.eclipse.justj.openjdk.hotspot.jre.full.win32.x86_64_17.0.10.v20240120-1143\jre\bin\javac" -Xlint:-options -deprecation -g -source 1.6 -target 1.6 -classpath "jars\versions\1.8.8\1.8.8.jar;lib;lib\*;jars\libraries\net\java\jinput\jinput\2.0.5\jinput-2.0.5.jar;jars\libraries\org\lwjgl\lwjgl\lwjgl-platform\2.9.4-nightly-20150209\lwjgl-platform-2.9.4-nightly-20150209-natives-windows.jar;jars\libraries\com\ibm\icu\icu4j-core-mojang\51.2\icu4j-core-mojang-51.2.jar;jars\libraries\tv\twitch\twitch-external-platform\4.5\twitch-external-platform-4.5-natives-windows-64.jar;jars\libraries\org\apache\httpcomponents\httpcore\4.3.2\httpcore-4.3.2.jar;jars\libraries\org\apache\logging\log4j\log4j-api\2.0-beta9\log4j-api-2.0-beta9.jar;jars\libraries\org\apache\commons\commons-lang3\3.3.2\commons-lang3-3.3.2.jar;jars\libraries\net\java\dev\jna\jna\3.4.0\jna-3.4.0.jar;jars\libraries\com\paulscode\libraryjavasound\20101123\libraryjavasound-20101123.jar;jars\libraries\net\sf\jopt-simple\jopt-simple\4.6\jopt-simple-4.6.jar;jars\libraries\com\google\guava\guava\17.0\guava-17.0.jar;jars\libraries\oshi-project\oshi-core\1.1\oshi-core-1.1.jar;jars\libraries\org\apache\httpcomponents\httpclient\4.3.3\httpclient-4.3.3.jar;jars\libraries\org\apache\commons\commons-compress\1.8.1\commons-compress-1.8.1.jar;jars\libraries\net\java\dev\jna\platform\3.4.0\platform-3.4.0.jar;jars\libraries\com\paulscode\codecjorbis\20101023\codecjorbis-20101023.jar;jars\libraries\com\paulscode\soundsystem\20120107\soundsystem-20120107.jar;jars\libraries\com\paulscode\librarylwjglopenal\20100824\librarylwjglopenal-20100824.jar;jars\libraries\org\lwjgl\lwjgl\lwjgl_util\2.9.4-nightly-20150209\lwjgl_util-2.9.4-nightly-20150209.jar;jars\libraries\commons-codec\commons-codec\1.9\commons-codec-1.9.jar;jars\libraries\net\java\jutils\jutils\1.0.0\jutils-1.0.0.jar;jars\libraries\commons-logging\commons-logging\1.1.3\commons-logging-1.1.3.jar;jars\libraries\org\lwjgl\lwjgl\lwjgl\2.9.4-nightly-20150209\lwjgl-2.9.4-nightly-20150209.jar;jars\libraries\commons-io\commons-io\2.4\commons-io-2.4.jar;jars\libraries\com\mojang\realms\1.7.39\realms-1.7.39.jar;jars\libraries\com\mojang\authlib\1.5.21\authlib-1.5.21.jar;jars\libraries\com\google\code\gson\gson\2.2.4\gson-2.2.4.jar;jars\libraries\com\mojang\netty\1.8.8\netty-1.8.8.jar;jars\libraries\tv\twitch\twitch\6.5\twitch-6.5.jar;jars\libraries\com\paulscode\codecwav\20101023\codecwav-20101023.jar;jars\libraries\tv\twitch\twitch-platform\6.5\twitch-platform-6.5-natives-windows-64.jar;jars\libraries\net\java\jinput\jinput-platform\2.0.5\jinput-platform-2.0.5-natives-windows.jar;jars\libraries\org\apache\logging\log4j\log4j-core\2.0-beta9\log4j-core-2.0-beta9.jar;jars\libraries\io\netty\netty-all\4.0.23.Final\netty-all-4.0.23.Final.jar" -sourcepath src\minecraft -d bin\minecraft @temp\java_src_client.txt' failed : 2
20:29:25 - 
20:29:25 - == ERRORS FOUND in JAVA CODE ==
20:29:25 - 
20:29:25 - error: Source option 6 is no longer supported. Use 7 or later.
20:29:25 - error: Target option 6 is no longer supported. Use 7 or later.
20:29:25 - ==================
20:29:25 - 
20:29:25 - Initial client recompile failed, correct source then run updatemd5
20:30:51 - "scalac" is not found on the PATH.  Scala files will not be recompiled
20:31:03 - '"C:\Program Files\Eclipse\plugins\org.eclipse.justj.openjdk.hotspot.jre.full.win32.x86_64_17.0.10.v20240120-1143\jre\bin\javac" -Xlint:-options -deprecation -g -source 1.8 -target 1.8 -classpath "jars\versions\1.8.8\1.8.8.jar;lib;lib\*;jars\libraries\net\java\jinput\jinput\2.0.5\jinput-2.0.5.jar;jars\libraries\org\lwjgl\lwjgl\lwjgl-platform\2.9.4-nightly-20150209\lwjgl-platform-2.9.4-nightly-20150209-natives-windows.jar;jars\libraries\com\ibm\icu\icu4j-core-mojang\51.2\icu4j-core-mojang-51.2.jar;jars\libraries\tv\twitch\twitch-external-platform\4.5\twitch-external-platform-4.5-natives-windows-64.jar;jars\libraries\org\apache\httpcomponents\httpcore\4.3.2\httpcore-4.3.2.jar;jars\libraries\org\apache\logging\log4j\log4j-api\2.0-beta9\log4j-api-2.0-beta9.jar;jars\libraries\org\apache\commons\commons-lang3\3.3.2\commons-lang3-3.3.2.jar;jars\libraries\net\java\dev\jna\jna\3.4.0\jna-3.4.0.jar;jars\libraries\com\paulscode\libraryjavasound\20101123\libraryjavasound-20101123.jar;jars\libraries\net\sf\jopt-simple\jopt-simple\4.6\jopt-simple-4.6.jar;jars\libraries\com\google\guava\guava\17.0\guava-17.0.jar;jars\libraries\oshi-project\oshi-core\1.1\oshi-core-1.1.jar;jars\libraries\org\apache\httpcomponents\httpclient\4.3.3\httpclient-4.3.3.jar;jars\libraries\org\apache\commons\commons-compress\1.8.1\commons-compress-1.8.1.jar;jars\libraries\net\java\dev\jna\platform\3.4.0\platform-3.4.0.jar;jars\libraries\com\paulscode\codecjorbis\20101023\codecjorbis-20101023.jar;jars\libraries\com\paulscode\soundsystem\20120107\soundsystem-20120107.jar;jars\libraries\com\paulscode\librarylwjglopenal\20100824\librarylwjglopenal-20100824.jar;jars\libraries\org\lwjgl\lwjgl\lwjgl_util\2.9.4-nightly-20150209\lwjgl_util-2.9.4-nightly-20150209.jar;jars\libraries\commons-codec\commons-codec\1.9\commons-codec-1.9.jar;jars\libraries\net\java\jutils\jutils\1.0.0\jutils-1.0.0.jar;jars\libraries\commons-logging\commons-logging\1.1.3\commons-logging-1.1.3.jar;jars\libraries\org\lwjgl\lwjgl\lwjgl\2.9.4-nightly-20150209\lwjgl-2.9.4-nightly-20150209.jar;jars\libraries\commons-io\commons-io\2.4\commons-io-2.4.jar;jars\libraries\com\mojang\realms\1.7.39\realms-1.7.39.jar;jars\libraries\com\mojang\authlib\1.5.21\authlib-1.5.21.jar;jars\libraries\com\google\code\gson\gson\2.2.4\gson-2.2.4.jar;jars\libraries\com\mojang\netty\1.8.8\netty-1.8.8.jar;jars\libraries\tv\twitch\twitch\6.5\twitch-6.5.jar;jars\libraries\com\paulscode\codecwav\20101023\codecwav-20101023.jar;jars\libraries\tv\twitch\twitch-platform\6.5\twitch-platform-6.5-natives-windows-64.jar;jars\libraries\net\java\jinput\jinput-platform\2.0.5\jinput-platform-2.0.5-natives-windows.jar;jars\libraries\org\apache\logging\log4j\log4j-core\2.0-beta9\log4j-core-2.0-beta9.jar;jars\libraries\io\netty\netty-all\4.0.23.Final\netty-all-4.0.23.Final.jar" -sourcepath src\minecraft -d bin\minecraft @temp\java_src_client.txt' failed : 1
20:31:03 - 
20:31:03 - == ERRORS FOUND in JAVA CODE ==
20:31:03 - 
20:31:03 - src\minecraft\net\minecraft\util\ObjectIntIdentityMap.java:21: error: incompatible types: Object cannot be converted to T
20:31:03 -             this.objectList.add((Object)null);
20:31:03 -                                 ^
20:31:03 - 
20:31:03 -   where T is a type-variable:
20:31:03 -     T extends Object declared in class ObjectIntIdentityMap
20:31:03 - src\minecraft\net\minecraft\tileentity\TileEntity.java:108: warning: [deprecation] newInstance() in Class has been deprecated
20:31:03 -                 tileentity = (TileEntity)oclass.newInstance();
20:31:03 -                                                ^
20:31:03 - 
20:31:03 -   where T is a type-variable:
20:31:03 -     T extends Object declared in class Class
20:31:03 - src\minecraft\net\minecraft\inventory\Container.java:39: error: incompatible types: Object cannot be converted to ItemStack
20:31:03 -         this.inventoryItemStacks.add((Object)null);
20:31:03 -                                      ^
20:31:03 - 
20:31:03 - src\minecraft\net\minecraft\network\EnumConnectionState.java:291: warning: [deprecation] newInstance() in Class has been deprecated
20:31:03 -         return oclass == null ? null : (Packet)oclass.newInstance();
20:31:03 -                                                      ^
20:31:03 - 
20:31:03 -   where T is a type-variable:
20:31:03 -     T extends Object declared in class Class
20:31:03 - src\minecraft\net\minecraft\network\EnumConnectionState.java:332: warning: [deprecation] newInstance() in Class has been deprecated
20:31:03 -                         oclass.newInstance();
20:31:03 -                               ^
20:31:03 - 
20:31:03 -   where T is a type-variable:
20:31:03 -     T extends Object declared in class Class
20:31:03 - src\minecraft\net\minecraft\entity\item\EntityMinecart.java:97: warning: [removal] Integer(int) in Integer has been deprecated and marked for removal
20:31:03 -         this.dataWatcher.addObject(17, new Integer(0));
20:31:03 -                                        ^
20:31:03 - 
20:31:03 - src\minecraft\net\minecraft\entity\item\EntityMinecart.java:98: warning: [removal] Integer(int) in Integer has been deprecated and marked for removal
20:31:03 -         this.dataWatcher.addObject(18, new Integer(1));
20:31:03 -                                        ^
20:31:03 - 
20:31:03 - src\minecraft\net\minecraft\entity\item\EntityMinecart.java:99: warning: [removal] Float(float) in Float has been deprecated and marked for removal
20:31:03 -         this.dataWatcher.addObject(19, new Float(0.0F));
20:31:03 -                                        ^
20:31:03 - 
20:31:03 - src\minecraft\net\minecraft\entity\item\EntityMinecart.java:100: warning: [removal] Integer(int) in Integer has been deprecated and marked for removal
20:31:03 -         this.dataWatcher.addObject(20, new Integer(0));
20:31:03 -                                        ^
20:31:03 - 
20:31:03 - src\minecraft\net\minecraft\entity\item\EntityMinecart.java:101: warning: [removal] Integer(int) in Integer has been deprecated and marked for removal
20:31:03 -         this.dataWatcher.addObject(21, new Integer(6));
20:31:03 -                                        ^
20:31:03 - 
20:31:03 - src\minecraft\net\minecraft\block\state\pattern\FactoryBlockPattern.java:56: error: incompatible types: Object cannot be converted to Predicate<BlockWorldState>
20:31:03 -                             this.symbolMap.put(Character.valueOf(c0), (Object)null);
20:31:03 -                                                                       ^
20:31:03 - 
20:31:03 - src\minecraft\net\minecraft\client\renderer\texture\TextureAtlasSprite.java:382: error: incompatible types: Object cannot be converted to int[][]
20:31:03 -                 this.framesTextureData.add((Object)null);
20:31:03 -                                            ^
20:31:03 - 
20:31:03 - src\minecraft\net\minecraft\client\network\LanServerDetector.java:114: warning: [deprecation] joinGroup(InetAddress) in MulticastSocket has been deprecated
20:31:03 -             this.socket.joinGroup(this.broadcastAddress);
20:31:03 -                        ^
20:31:03 - 
20:31:03 - src\minecraft\net\minecraft\client\network\LanServerDetector.java:146: warning: [deprecation] leaveGroup(InetAddress) in MulticastSocket has been deprecated
20:31:03 -                 this.socket.leaveGroup(this.broadcastAddress);
20:31:03 -                            ^
20:31:03 - 
20:31:03 - src\minecraft\net\minecraft\entity\passive\EntityBat.java:29: warning: [removal] Byte(byte) in Byte has been deprecated and marked for removal
20:31:03 -         this.dataWatcher.addObject(16, new Byte((byte)0));
20:31:03 -                                        ^
20:31:03 - 
20:31:03 - src\minecraft\net\minecraft\entity\monster\EntityBlaze.java:55: warning: [removal] Byte(byte) in Byte has been deprecated and marked for removal
20:31:03 -         this.dataWatcher.addObject(16, new Byte((byte)0));
20:31:03 -                                        ^
20:31:03 - 
20:31:03 - src\minecraft\net\minecraft\entity\item\EntityBoat.java:56: warning: [removal] Integer(int) in Integer has been deprecated and marked for removal
20:31:03 -         this.dataWatcher.addObject(17, new Integer(0));
20:31:03 -                                        ^
20:31:03 - 
20:31:03 - src\minecraft\net\minecraft\entity\item\EntityBoat.java:57: warning: [removal] Integer(int) in Integer has been deprecated and marked for removal
20:31:03 -         this.dataWatcher.addObject(18, new Integer(1));
20:31:03 -                                        ^
20:31:03 - 
20:31:03 - src\minecraft\net\minecraft\entity\item\EntityBoat.java:58: warning: [removal] Float(float) in Float has been deprecated and marked for removal
20:31:03 -         this.dataWatcher.addObject(19, new Float(0.0F));
20:31:03 -                                        ^
20:31:03 - 
20:31:03 - src\minecraft\net\minecraft\entity\monster\EntitySpider.java:67: warning: [removal] Byte(byte) in Byte has been deprecated and marked for removal
20:31:03 -         this.dataWatcher.addObject(16, new Byte((byte)0));
20:31:03 -                                        ^
20:31:03 - 
20:31:03 - src\minecraft\net\minecraft\entity\monster\EntityEnderman.java:84: warning: [removal] Short(short) in Short has been deprecated and marked for removal
20:31:03 -         this.dataWatcher.addObject(16, new Short((short)0));
20:31:03 -                                        ^
20:31:03 - 
20:31:03 - src\minecraft\net\minecraft\entity\monster\EntityEnderman.java:85: warning: [removal] Byte(byte) in Byte has been deprecated and marked for removal
20:31:03 -         this.dataWatcher.addObject(17, new Byte((byte)0));
20:31:03 -                                        ^
20:31:03 - 
20:31:03 - src\minecraft\net\minecraft\entity\monster\EntityEnderman.java:86: warning: [removal] Byte(byte) in Byte has been deprecated and marked for removal
20:31:03 -         this.dataWatcher.addObject(18, new Byte((byte)0));
20:31:03 -                                        ^
20:31:03 - 
20:31:03 - src\minecraft\net\minecraft\entity\passive\EntityWolf.java:131: warning: [removal] Float(float) in Float has been deprecated and marked for removal
20:31:03 -         this.dataWatcher.addObject(18, new Float(this.getHealth()));
20:31:03 -                                        ^
20:31:03 - 
20:31:03 - src\minecraft\net\minecraft\entity\passive\EntityWolf.java:132: warning: [removal] Byte(byte) in Byte has been deprecated and marked for removal
20:31:03 -         this.dataWatcher.addObject(19, new Byte((byte)0));
20:31:03 -                                        ^
20:31:03 - 
20:31:03 - src\minecraft\net\minecraft\entity\passive\EntityWolf.java:133: warning: [removal] Byte(byte) in Byte has been deprecated and marked for removal
20:31:03 -         this.dataWatcher.addObject(20, new Byte((byte)EnumDyeColor.RED.getMetadata()));
20:31:03 -                                        ^
20:31:03 - 
20:31:03 - src\minecraft\net\minecraft\entity\passive\EntitySheep.java:111: warning: [removal] Byte(byte) in Byte has been deprecated and marked for removal
20:31:03 -         this.dataWatcher.addObject(16, new Byte((byte)0));
20:31:03 -                                        ^
20:31:03 - 
20:31:03 - src\minecraft\net\minecraft\entity\monster\EntitySkeleton.java:76: warning: [removal] Byte(byte) in Byte has been deprecated and marked for removal
20:31:03 -         this.dataWatcher.addObject(13, new Byte((byte)0));
20:31:03 -                                        ^
20:31:03 - 
20:31:03 - src\minecraft\net\minecraft\entity\boss\EntityWither.java:79: warning: [removal] Integer(int) in Integer has been deprecated and marked for removal
20:31:03 -         this.dataWatcher.addObject(17, new Integer(0));
20:31:03 -                                        ^
20:31:03 - 
20:31:03 - src\minecraft\net\minecraft\entity\boss\EntityWither.java:80: warning: [removal] Integer(int) in Integer has been deprecated and marked for removal
20:31:03 -         this.dataWatcher.addObject(18, new Integer(0));
20:31:03 -                                        ^
20:31:03 - 
20:31:03 - src\minecraft\net\minecraft\entity\boss\EntityWither.java:81: warning: [removal] Integer(int) in Integer has been deprecated and marked for removal
20:31:03 -         this.dataWatcher.addObject(19, new Integer(0));
20:31:03 -                                        ^
20:31:03 - 
20:31:03 - src\minecraft\net\minecraft\entity\boss\EntityWither.java:82: warning: [removal] Integer(int) in Integer has been deprecated and marked for removal
20:31:03 -         this.dataWatcher.addObject(20, new Integer(0));
20:31:03 -                                        ^
20:31:03 - 
20:31:03 - src\minecraft\net\minecraft\client\resources\FallbackResourceManager.java:122: warning: [deprecation] finalize() in Object has been deprecated
20:31:03 -         protected void finalize() throws Throwable
20:31:03 -                        ^
20:31:03 - 
20:31:03 - src\minecraft\net\minecraft\client\resources\FallbackResourceManager.java:129: warning: [deprecation] finalize() in Object has been deprecated
20:31:03 -             super.finalize();
20:31:03 -                  ^
20:31:03 - 
20:31:03 - src\minecraft\net\minecraft\client\resources\FileResourcePack.java:108: warning: [deprecation] finalize() in Object has been deprecated
20:31:03 -     protected void finalize() throws Throwable
20:31:03 -                    ^
20:31:03 - 
20:31:03 - src\minecraft\net\minecraft\client\resources\FileResourcePack.java:111: warning: [deprecation] finalize() in Object has been deprecated
20:31:03 -         super.finalize();
20:31:03 -              ^
20:31:03 - 
20:31:03 - src\minecraft\net\minecraft\client\resources\FolderResourcePack.java:36: error: reference to listFiles is ambiguous
20:31:03 -             for (File file2 : file1.listFiles(DirectoryFileFilter.DIRECTORY))
20:31:03 -                                    ^
20:31:03 - 
20:31:03 -   both method listFiles(FilenameFilter) in File and method listFiles(FileFilter) in File match
20:31:03 - src\minecraft\net\minecraft\command\CommandSpreadPlayers.java:138: error: incompatible types: Object cannot be converted to Team
20:31:03 -                 set.add((Object)null);
20:31:03 -                         ^
20:31:03 - 
20:31:03 - src\minecraft\net\minecraft\entity\item\EntityMinecartFurnace.java:41: warning: [removal] Byte(byte) in Byte has been deprecated and marked for removal
20:31:03 -         this.dataWatcher.addObject(16, new Byte((byte)0));
20:31:03 -                                        ^
20:31:03 - 
20:31:03 - src\minecraft\net\minecraft\util\Cartesian.java:56: error: incompatible types: inference variable T#1 has incompatible bounds
20:31:03 -             return Arrays.asList((Object[])p_apply_1_);
20:31:03 -                                 ^
20:31:03 - 
20:31:03 -     equality constraints: T#2
20:31:03 -     lower bounds: Object
20:31:03 -   where T#1,T#2 are type-variables:
20:31:03 -     T#1 extends Object declared in method <T#1>asList(T#1...)
20:31:03 -     T#2 extends Object declared in class GetList
20:31:03 - src\minecraft\net\minecraft\util\Cartesian.java:73: error: incompatible types: Iterator<Object[]> cannot be converted to Iterator<T[]>
20:31:03 -             return (Iterator<T[]>)(this.iterables.length <= 0 ? Collections.singletonList((Object[])Cartesian.createArray(this.clazz, 0)).iterator() : new Cartesian.Product.ProductIterator(this.clazz, this.iterables));
20:31:03 -                                   ^
20:31:03 - 
20:31:03 -   where T is a type-variable:
20:31:03 -     T extends Object declared in class Product
20:31:03 - src\minecraft\net\minecraft\world\gen\structure\MapGenStructureIO.java:50: warning: [deprecation] newInstance() in Class has been deprecated
20:31:03 -                 structurestart = (StructureStart)oclass.newInstance();
20:31:03 -                                                        ^
20:31:03 - 
20:31:03 -   where T is a type-variable:
20:31:03 -     T extends Object declared in class Class
20:31:03 - src\minecraft\net\minecraft\world\gen\structure\MapGenStructureIO.java:81: warning: [deprecation] newInstance() in Class has been deprecated
20:31:03 -                 structurecomponent = (StructureComponent)oclass.newInstance();
20:31:03 -                                                                ^
20:31:03 - 
20:31:03 -   where T is a type-variable:
20:31:03 -     T extends Object declared in class Class
20:31:03 - 8 errors
20:31:03 - 35 warnings
20:31:03 - ==================
20:31:03 - 
20:31:03 - Client recompile failed, correct source then rerun updatemd5
20:31:03 - !! Can not find server sources, try decompiling !!
